[Mon Apr 29 15:14:47.481908 2024] [:notice] [pid 39334] FastCGI: process manager initialized (pid 39334)
[Mon Apr 29 15:14:47.484115 2024] [mpm_prefork:notice] [pid 39327] AH00163: Apache/2.4.54 (Unix) OpenSSL/1.0.2u PHP/7.4.33 mod_wsgi/3.5 Python/2.7.18 mod_fastcgi/mod_fastcgi-SNAP-0910052141 mod_perl/2.0.11 Perl/v5.30.1 configured -- resuming normal operations
[Mon Apr 29 15:14:47.484430 2024] [core:notice] [pid 39327] AH00094: Command line: '/Applications/MAMP/Library/bin/httpd'
[Mon Apr 29 15:41:25.123381 2024] [mpm_prefork:notice] [pid 39327] AH00169: caught SIGTERM, shutting down
[Mon Apr 29 19:54:41.052218 2024] [:notice] [pid 43531] FastCGI: process manager initialized (pid 43531)
[Mon Apr 29 19:54:41.055010 2024] [mpm_prefork:notice] [pid 43527] AH00163: Apache/2.4.54 (Unix) OpenSSL/1.0.2u PHP/7.4.33 mod_wsgi/3.5 Python/2.7.18 mod_fastcgi/mod_fastcgi-SNAP-0910052141 mod_perl/2.0.11 Perl/v5.30.1 configured -- resuming normal operations
[Mon Apr 29 19:54:41.055185 2024] [core:notice] [pid 43527] AH00094: Command line: '/Applications/MAMP/Library/bin/httpd'
[Mon Apr 29 20:24:45.444145 2024] [php7:error] [pid 43533] [client ::1:56666] script '/Applications/MAMP/htdocs/Views/Login.php' not found or unable to stat, referer: http://localhost:8888/Views/HomeView.php
[Mon Apr 29 20:34:43.780507 2024] [php7:error] [pid 43536] [client ::1:56672] script '/Applications/MAMP/htdocs/Views/Login.php' not found or unable to stat, referer: http://localhost:8888/Views/HomeView.php
[Mon Apr 29 20:38:37.580582 2024] [php7:error] [pid 43535] [client ::1:56678] script '/Applications/MAMP/htdocs/Views/Login.php' not found or unable to stat, referer: http://localhost:8888/Views/HomeView.php
[Mon Apr 29 20:49:18.423198 2024] [php7:error] [pid 43536] [client ::1:56707] script '/Applications/MAMP/htdocs/Views/Login.php' not found or unable to stat, referer: http://localhost:8888/Views/HomeView.php
[Mon Apr 29 22:05:15.194928 2024] [mpm_prefork:notice] [pid 43527] AH00169: caught SIGTERM, shutting down
[Wed May 01 11:03:28.883535 2024] [:notice] [pid 59312] FastCGI: process manager initialized (pid 59312)
[Wed May 01 11:03:28.886376 2024] [mpm_prefork:notice] [pid 59309] AH00163: Apache/2.4.54 (Unix) OpenSSL/1.0.2u PHP/7.4.33 mod_wsgi/3.5 Python/2.7.18 mod_fastcgi/mod_fastcgi-SNAP-0910052141 mod_perl/2.0.11 Perl/v5.30.1 configured -- resuming normal operations
[Wed May 01 11:03:28.886523 2024] [core:notice] [pid 59309] AH00094: Command line: '/Applications/MAMP/Library/bin/httpd'
[Wed May 01 11:10:22.023299 2024] [mpm_prefork:notice] [pid 59309] AH00169: caught SIGTERM, shutting down
[Wed May 01 11:59:16.070936 2024] [:notice] [pid 9496] FastCGI: process manager initialized (pid 9496)
[Wed May 01 11:59:16.073277 2024] [mpm_prefork:notice] [pid 9471] AH00163: Apache/2.4.54 (Unix) OpenSSL/1.0.2u PHP/7.4.33 mod_wsgi/3.5 Python/2.7.18 mod_fastcgi/mod_fastcgi-SNAP-0910052141 mod_perl/2.0.11 Perl/v5.30.1 configured -- resuming normal operations
[Wed May 01 11:59:16.073790 2024] [core:notice] [pid 9471] AH00094: Command line: '/Applications/MAMP/Library/bin/httpd'
[Wed May 01 17:57:10.532158 2024] [mpm_prefork:notice] [pid 9471] AH00169: caught SIGTERM, shutting down
[Thu May 02 14:15:06.945140 2024] [:notice] [pid 51922] FastCGI: process manager initialized (pid 51922)
[Thu May 02 14:15:06.946477 2024] [mpm_prefork:notice] [pid 51919] AH00163: Apache/2.4.54 (Unix) OpenSSL/1.0.2u PHP/7.4.33 mod_wsgi/3.5 Python/2.7.18 mod_fastcgi/mod_fastcgi-SNAP-0910052141 mod_perl/2.0.11 Perl/v5.30.1 configured -- resuming normal operations
[Thu May 02 14:15:06.946731 2024] [core:notice] [pid 51919] AH00094: Command line: '/Applications/MAMP/Library/bin/httpd'
[Thu May 02 15:39:02.912133 2024] [php7:error] [pid 51927] [client ::1:50079] script '/Applications/MAMP/htdocs/Views/SignUpView.php' not found or unable to stat, referer: http://localhost:8888/Views/LoginView.php
[Thu May 02 15:39:55.820992 2024] [php7:error] [pid 51946] [client ::1:50082] script '/Applications/MAMP/htdocs/Views/SignUpView.php' not found or unable to stat, referer: http://localhost:8888/Views/LoginView.php
[Thu May 02 17:08:26.286762 2024] [mpm_prefork:notice] [pid 51919] AH00169: caught SIGTERM, shutting down
[Sat May 04 19:06:54.343637 2024] [:notice] [pid 73742] FastCGI: process manager initialized (pid 73742)
[Sat May 04 19:06:54.344610 2024] [mpm_prefork:notice] [pid 73738] AH00163: Apache/2.4.54 (Unix) OpenSSL/1.0.2u PHP/7.4.33 mod_wsgi/3.5 Python/2.7.18 mod_fastcgi/mod_fastcgi-SNAP-0910052141 mod_perl/2.0.11 Perl/v5.30.1 configured -- resuming normal operations
[Sat May 04 19:06:54.344799 2024] [core:notice] [pid 73738] AH00094: Command line: '/Applications/MAMP/Library/bin/httpd'
[Sat May 04 19:32:20.079071 2024] [php7:error] [pid 73760] [client ::1:50457] script '/Applications/MAMP/htdocs/homeView.php' not found or unable to stat
[Sat May 04 22:58:05.053071 2024] [mpm_prefork:notice] [pid 73738] AH00169: caught SIGTERM, shutting down
[Mon May 06 13:17:19.686905 2024] [:notice] [pid 98837] FastCGI: process manager initialized (pid 98837)
[Mon May 06 13:17:19.688087 2024] [mpm_prefork:notice] [pid 98834] AH00163: Apache/2.4.54 (Unix) OpenSSL/1.0.2u PHP/7.4.33 mod_wsgi/3.5 Python/2.7.18 mod_fastcgi/mod_fastcgi-SNAP-0910052141 mod_perl/2.0.11 Perl/v5.30.1 configured -- resuming normal operations
[Mon May 06 13:17:19.688256 2024] [core:notice] [pid 98834] AH00094: Command line: '/Applications/MAMP/Library/bin/httpd'
[Mon May 06 14:14:23.320210 2024] [mpm_prefork:notice] [pid 98834] AH00169: caught SIGTERM, shutting down
[Tue May 07 14:09:25.174817 2024] [:notice] [pid 61671] FastCGI: process manager initialized (pid 61671)
[Tue May 07 14:09:25.175998 2024] [mpm_prefork:notice] [pid 61668] AH00163: Apache/2.4.54 (Unix) OpenSSL/1.0.2u PHP/7.4.33 mod_wsgi/3.5 Python/2.7.18 mod_fastcgi/mod_fastcgi-SNAP-0910052141 mod_perl/2.0.11 Perl/v5.30.1 configured -- resuming normal operations
[Tue May 07 14:09:25.176180 2024] [core:notice] [pid 61668] AH00094: Command line: '/Applications/MAMP/Library/bin/httpd'
[Tue May 07 17:23:19.940005 2024] [mpm_prefork:notice] [pid 61668] AH00169: caught SIGTERM, shutting down
[Wed May 08 17:04:03.330705 2024] [:notice] [pid 82382] FastCGI: process manager initialized (pid 82382)
[Wed May 08 17:04:03.331928 2024] [mpm_prefork:notice] [pid 82379] AH00163: Apache/2.4.54 (Unix) OpenSSL/1.0.2u PHP/7.4.33 mod_wsgi/3.5 Python/2.7.18 mod_fastcgi/mod_fastcgi-SNAP-0910052141 mod_perl/2.0.11 Perl/v5.30.1 configured -- resuming normal operations
[Wed May 08 17:04:03.332122 2024] [core:notice] [pid 82379] AH00094: Command line: '/Applications/MAMP/Library/bin/httpd'
[Wed May 08 18:54:03.421912 2024] [mpm_prefork:notice] [pid 82379] AH00169: caught SIGTERM, shutting down
[Thu May 09 13:23:52.059423 2024] [:notice] [pid 90915] FastCGI: process manager initialized (pid 90915)
[Thu May 09 13:23:52.060715 2024] [mpm_prefork:notice] [pid 90911] AH00163: Apache/2.4.54 (Unix) OpenSSL/1.0.2u PHP/7.4.33 mod_wsgi/3.5 Python/2.7.18 mod_fastcgi/mod_fastcgi-SNAP-0910052141 mod_perl/2.0.11 Perl/v5.30.1 configured -- resuming normal operations
[Thu May 09 13:23:52.060903 2024] [core:notice] [pid 90911] AH00094: Command line: '/Applications/MAMP/Library/bin/httpd'
[Thu May 09 16:48:47.532836 2024] [mpm_prefork:notice] [pid 90911] AH00169: caught SIGTERM, shutting down
[Fri May 10 18:49:24.569603 2024] [:notice] [pid 10485] FastCGI: process manager initialized (pid 10485)
[Fri May 10 18:49:24.570812 2024] [mpm_prefork:notice] [pid 10483] AH00163: Apache/2.4.54 (Unix) OpenSSL/1.0.2u PHP/7.4.33 mod_wsgi/3.5 Python/2.7.18 mod_fastcgi/mod_fastcgi-SNAP-0910052141 mod_perl/2.0.11 Perl/v5.30.1 configured -- resuming normal operations
[Fri May 10 18:49:24.571047 2024] [core:notice] [pid 10483] AH00094: Command line: '/Applications/MAMP/Library/bin/httpd'
[Fri May 10 19:29:50.673771 2024] [mpm_prefork:notice] [pid 10483] AH00169: caught SIGTERM, shutting down
[Sun May 12 15:57:15.423036 2024] [:notice] [pid 22748] FastCGI: process manager initialized (pid 22748)
[Sun May 12 15:57:15.424313 2024] [mpm_prefork:notice] [pid 22744] AH00163: Apache/2.4.54 (Unix) OpenSSL/1.0.2u PHP/7.4.33 mod_wsgi/3.5 Python/2.7.18 mod_fastcgi/mod_fastcgi-SNAP-0910052141 mod_perl/2.0.11 Perl/v5.30.1 configured -- resuming normal operations
[Sun May 12 15:57:15.424501 2024] [core:notice] [pid 22744] AH00094: Command line: '/Applications/MAMP/Library/bin/httpd'
[Mon May 13 17:52:32.634905 2024] [mpm_prefork:notice] [pid 22744] AH00169: caught SIGTERM, shutting down
[Wed May 15 10:18:04.421590 2024] [:notice] [pid 67237] FastCGI: process manager initialized (pid 67237)
[Wed May 15 10:18:04.422692 2024] [mpm_prefork:notice] [pid 67232] AH00163: Apache/2.4.54 (Unix) OpenSSL/1.0.2u PHP/7.4.33 mod_wsgi/3.5 Python/2.7.18 mod_fastcgi/mod_fastcgi-SNAP-0910052141 mod_perl/2.0.11 Perl/v5.30.1 configured -- resuming normal operations
[Wed May 15 10:18:04.422887 2024] [core:notice] [pid 67232] AH00094: Command line: '/Applications/MAMP/Library/bin/httpd'
[Wed May 15 17:37:21.589739 2024] [mpm_prefork:notice] [pid 67232] AH00169: caught SIGTERM, shutting down
[Thu May 16 16:01:52.657386 2024] [:notice] [pid 91472] FastCGI: process manager initialized (pid 91472)
[Thu May 16 16:01:52.658592 2024] [mpm_prefork:notice] [pid 91469] AH00163: Apache/2.4.54 (Unix) OpenSSL/1.0.2u PHP/7.4.33 mod_wsgi/3.5 Python/2.7.18 mod_fastcgi/mod_fastcgi-SNAP-0910052141 mod_perl/2.0.11 Perl/v5.30.1 configured -- resuming normal operations
[Thu May 16 16:01:52.658792 2024] [core:notice] [pid 91469] AH00094: Command line: '/Applications/MAMP/Library/bin/httpd'
[Thu May 16 17:52:47.720383 2024] [mpm_prefork:notice] [pid 91469] AH00169: caught SIGTERM, shutting down
[Sun May 19 16:28:56.972816 2024] [:notice] [pid 5644] FastCGI: process manager initialized (pid 5644)
[Sun May 19 16:28:56.974130 2024] [mpm_prefork:notice] [pid 5640] AH00163: Apache/2.4.54 (Unix) OpenSSL/1.0.2u PHP/7.4.33 mod_wsgi/3.5 Python/2.7.18 mod_fastcgi/mod_fastcgi-SNAP-0910052141 mod_perl/2.0.11 Perl/v5.30.1 configured -- resuming normal operations
[Sun May 19 16:28:56.974343 2024] [core:notice] [pid 5640] AH00094: Command line: '/Applications/MAMP/Library/bin/httpd'
[Sun May 19 20:42:37.738222 2024] [mpm_prefork:notice] [pid 5640] AH00169: caught SIGTERM, shutting down
[Sun May 19 21:51:05.861337 2024] [:notice] [pid 31070] FastCGI: process manager initialized (pid 31070)
[Sun May 19 21:51:05.862598 2024] [mpm_prefork:notice] [pid 31067] AH00163: Apache/2.4.54 (Unix) OpenSSL/1.0.2u PHP/7.4.33 mod_wsgi/3.5 Python/2.7.18 mod_fastcgi/mod_fastcgi-SNAP-0910052141 mod_perl/2.0.11 Perl/v5.30.1 configured -- resuming normal operations
[Sun May 19 21:51:05.862807 2024] [core:notice] [pid 31067] AH00094: Command line: '/Applications/MAMP/Library/bin/httpd'
[Sun May 19 22:56:53.127053 2024] [mpm_prefork:notice] [pid 31067] AH00169: caught SIGTERM, shutting down
[Mon May 20 15:51:49.023366 2024] [:notice] [pid 38643] FastCGI: process manager initialized (pid 38643)
[Mon May 20 15:51:49.024667 2024] [mpm_prefork:notice] [pid 38640] AH00163: Apache/2.4.54 (Unix) OpenSSL/1.0.2u PHP/7.4.33 mod_wsgi/3.5 Python/2.7.18 mod_fastcgi/mod_fastcgi-SNAP-0910052141 mod_perl/2.0.11 Perl/v5.30.1 configured -- resuming normal operations
[Mon May 20 15:51:49.024887 2024] [core:notice] [pid 38640] AH00094: Command line: '/Applications/MAMP/Library/bin/httpd'
[Mon May 20 17:50:47.071841 2024] [mpm_prefork:notice] [pid 38640] AH00169: caught SIGTERM, shutting down
[Tue May 21 10:15:49.409896 2024] [:notice] [pid 51529] FastCGI: process manager initialized (pid 51529)
[Tue May 21 10:15:49.410937 2024] [mpm_prefork:notice] [pid 51526] AH00163: Apache/2.4.54 (Unix) OpenSSL/1.0.2u PHP/7.4.33 mod_wsgi/3.5 Python/2.7.18 mod_fastcgi/mod_fastcgi-SNAP-0910052141 mod_perl/2.0.11 Perl/v5.30.1 configured -- resuming normal operations
[Tue May 21 10:15:49.411131 2024] [core:notice] [pid 51526] AH00094: Command line: '/Applications/MAMP/Library/bin/httpd'
[Tue May 21 16:37:20.543120 2024] [mpm_prefork:notice] [pid 51526] AH00169: caught SIGTERM, shutting down
[Thu May 23 10:29:14.932001 2024] [:notice] [pid 79301] FastCGI: process manager initialized (pid 79301)
[Thu May 23 10:29:14.933137 2024] [mpm_prefork:notice] [pid 79298] AH00163: Apache/2.4.54 (Unix) OpenSSL/1.0.2u PHP/7.4.33 mod_wsgi/3.5 Python/2.7.18 mod_fastcgi/mod_fastcgi-SNAP-0910052141 mod_perl/2.0.11 Perl/v5.30.1 configured -- resuming normal operations
[Thu May 23 10:29:14.933338 2024] [core:notice] [pid 79298] AH00094: Command line: '/Applications/MAMP/Library/bin/httpd'
[Thu May 23 17:46:28.085213 2024] [mpm_prefork:notice] [pid 79298] AH00169: caught SIGTERM, shutting down
[Sat May 25 22:54:15.417277 2024] [:notice] [pid 13525] FastCGI: process manager initialized (pid 13525)
[Sat May 25 22:54:15.418477 2024] [mpm_prefork:notice] [pid 13521] AH00163: Apache/2.4.54 (Unix) OpenSSL/1.0.2u PHP/7.4.33 mod_wsgi/3.5 Python/2.7.18 mod_fastcgi/mod_fastcgi-SNAP-0910052141 mod_perl/2.0.11 Perl/v5.30.1 configured -- resuming normal operations
[Sat May 25 22:54:15.418673 2024] [core:notice] [pid 13521] AH00094: Command line: '/Applications/MAMP/Library/bin/httpd'
[Sat May 25 23:57:29.193711 2024] [mpm_prefork:notice] [pid 13521] AH00169: caught SIGTERM, shutting down
[Thu May 30 10:16:36.300993 2024] [:notice] [pid 22490] FastCGI: process manager initialized (pid 22490)
[Thu May 30 10:16:36.302080 2024] [mpm_prefork:notice] [pid 22487] AH00163: Apache/2.4.54 (Unix) OpenSSL/1.0.2u PHP/7.4.33 mod_wsgi/3.5 Python/2.7.18 mod_fastcgi/mod_fastcgi-SNAP-0910052141 mod_perl/2.0.11 Perl/v5.30.1 configured -- resuming normal operations
[Thu May 30 10:16:36.302262 2024] [core:notice] [pid 22487] AH00094: Command line: '/Applications/MAMP/Library/bin/httpd'
[Thu May 30 17:15:29.369792 2024] [mpm_prefork:notice] [pid 22487] AH00169: caught SIGTERM, shutting down
[Sun Jun 02 20:51:54.148190 2024] [:notice] [pid 67595] FastCGI: process manager initialized (pid 67595)
[Sun Jun 02 20:51:54.149207 2024] [mpm_prefork:notice] [pid 67591] AH00163: Apache/2.4.54 (Unix) OpenSSL/1.0.2u PHP/7.4.33 mod_wsgi/3.5 Python/2.7.18 mod_fastcgi/mod_fastcgi-SNAP-0910052141 mod_perl/2.0.11 Perl/v5.30.1 configured -- resuming normal operations
[Sun Jun 02 20:51:54.149391 2024] [core:notice] [pid 67591] AH00094: Command line: '/Applications/MAMP/Library/bin/httpd'
[Sun Jun 02 22:10:13.124245 2024] [mpm_prefork:notice] [pid 67591] AH00169: caught SIGTERM, shutting down
[Sun Jun 02 23:21:21.730421 2024] [:notice] [pid 75986] FastCGI: process manager initialized (pid 75986)
[Sun Jun 02 23:21:21.731895 2024] [mpm_prefork:notice] [pid 75982] AH00163: Apache/2.4.54 (Unix) OpenSSL/1.0.2u PHP/7.4.33 mod_wsgi/3.5 Python/2.7.18 mod_fastcgi/mod_fastcgi-SNAP-0910052141 mod_perl/2.0.11 Perl/v5.30.1 configured -- resuming normal operations
[Sun Jun 02 23:21:21.732085 2024] [core:notice] [pid 75982] AH00094: Command line: '/Applications/MAMP/Library/bin/httpd'
[Sun Jun 02 23:41:55.688322 2024] [mpm_prefork:notice] [pid 75982] AH00169: caught SIGTERM, shutting down
[Mon Jun 03 12:45:07.126554 2024] [:notice] [pid 78944] FastCGI: process manager initialized (pid 78944)
[Mon Jun 03 12:45:07.127736 2024] [mpm_prefork:notice] [pid 78941] AH00163: Apache/2.4.54 (Unix) OpenSSL/1.0.2u PHP/7.4.33 mod_wsgi/3.5 Python/2.7.18 mod_fastcgi/mod_fastcgi-SNAP-0910052141 mod_perl/2.0.11 Perl/v5.30.1 configured -- resuming normal operations
[Mon Jun 03 12:45:07.127944 2024] [core:notice] [pid 78941] AH00094: Command line: '/Applications/MAMP/Library/bin/httpd'
[Mon Jun 03 17:00:32.132409 2024] [mpm_prefork:notice] [pid 78941] AH00169: caught SIGTERM, shutting down
[Tue Jun 04 11:45:06.795561 2024] [:notice] [pid 91917] FastCGI: process manager initialized (pid 91917)
[Tue Jun 04 11:45:06.796762 2024] [mpm_prefork:notice] [pid 91914] AH00163: Apache/2.4.54 (Unix) OpenSSL/1.0.2u PHP/7.4.33 mod_wsgi/3.5 Python/2.7.18 mod_fastcgi/mod_fastcgi-SNAP-0910052141 mod_perl/2.0.11 Perl/v5.30.1 configured -- resuming normal operations
[Tue Jun 04 11:45:06.796952 2024] [core:notice] [pid 91914] AH00094: Command line: '/Applications/MAMP/Library/bin/httpd'
[Tue Jun 04 17:43:28.474982 2024] [mpm_prefork:notice] [pid 91914] AH00169: caught SIGTERM, shutting down
[Wed Jun 05 13:24:15.519960 2024] [:notice] [pid 21659] FastCGI: process manager initialized (pid 21659)
[Wed Jun 05 13:24:15.521108 2024] [mpm_prefork:notice] [pid 21653] AH00163: Apache/2.4.54 (Unix) OpenSSL/1.0.2u PHP/7.4.33 mod_wsgi/3.5 Python/2.7.18 mod_fastcgi/mod_fastcgi-SNAP-0910052141 mod_perl/2.0.11 Perl/v5.30.1 configured -- resuming normal operations
[Wed Jun 05 13:24:15.521392 2024] [core:notice] [pid 21653] AH00094: Command line: '/Applications/MAMP/Library/bin/httpd'
[Wed Jun 05 17:30:52.098478 2024] [mpm_prefork:notice] [pid 21653] AH00169: caught SIGTERM, shutting down
[Thu Jun 06 09:26:54.491760 2024] [:notice] [pid 36913] FastCGI: process manager initialized (pid 36913)
[Thu Jun 06 09:26:54.493193 2024] [mpm_prefork:notice] [pid 36910] AH00163: Apache/2.4.54 (Unix) OpenSSL/1.0.2u PHP/7.4.33 mod_wsgi/3.5 Python/2.7.18 mod_fastcgi/mod_fastcgi-SNAP-0910052141 mod_perl/2.0.11 Perl/v5.30.1 configured -- resuming normal operations
[Thu Jun 06 09:26:54.493520 2024] [core:notice] [pid 36910] AH00094: Command line: '/Applications/MAMP/Library/bin/httpd'
[Thu Jun 06 16:37:08.238935 2024] [mpm_prefork:notice] [pid 36910] AH00169: caught SIGTERM, shutting down
[Mon Jun 10 11:15:39.557043 2024] [:notice] [pid 69941] FastCGI: process manager initialized (pid 69941)
[Mon Jun 10 11:15:39.558056 2024] [mpm_prefork:notice] [pid 69938] AH00163: Apache/2.4.54 (Unix) OpenSSL/1.0.2u PHP/7.4.33 mod_wsgi/3.5 Python/2.7.18 mod_fastcgi/mod_fastcgi-SNAP-0910052141 mod_perl/2.0.11 Perl/v5.30.1 configured -- resuming normal operations
[Mon Jun 10 11:15:39.558252 2024] [core:notice] [pid 69938] AH00094: Command line: '/Applications/MAMP/Library/bin/httpd'
[Mon Jun 10 18:04:12.329699 2024] [mpm_prefork:notice] [pid 69938] AH00169: caught SIGTERM, shutting down
[Tue Jun 11 08:23:28.115494 2024] [:notice] [pid 91435] FastCGI: process manager initialized (pid 91435)
[Tue Jun 11 08:23:28.117334 2024] [mpm_prefork:notice] [pid 91430] AH00163: Apache/2.4.54 (Unix) OpenSSL/1.0.2u PHP/7.4.33 mod_wsgi/3.5 Python/2.7.18 mod_fastcgi/mod_fastcgi-SNAP-0910052141 mod_perl/2.0.11 Perl/v5.30.1 configured -- resuming normal operations
[Tue Jun 11 08:23:28.117548 2024] [core:notice] [pid 91430] AH00094: Command line: '/Applications/MAMP/Library/bin/httpd'
[Tue Jun 11 17:55:47.033094 2024] [mpm_prefork:notice] [pid 91430] AH00169: caught SIGTERM, shutting down
[Tue Jun 11 18:20:08.195807 2024] [:notice] [pid 28576] FastCGI: process manager initialized (pid 28576)
[Tue Jun 11 18:20:08.198115 2024] [mpm_prefork:notice] [pid 28573] AH00163: Apache/2.4.54 (Unix) OpenSSL/1.0.2u PHP/7.4.33 mod_wsgi/3.5 Python/2.7.18 mod_fastcgi/mod_fastcgi-SNAP-0910052141 mod_perl/2.0.11 Perl/v5.30.1 configured -- resuming normal operations
[Tue Jun 11 18:20:08.198310 2024] [core:notice] [pid 28573] AH00094: Command line: '/Applications/MAMP/Library/bin/httpd'
[Tue Jun 11 18:22:31.181764 2024] [mpm_prefork:notice] [pid 28573] AH00169: caught SIGTERM, shutting down
[Thu Jun 13 11:11:47.445775 2024] [:notice] [pid 30096] FastCGI: process manager initialized (pid 30096)
[Thu Jun 13 11:11:47.446831 2024] [mpm_prefork:notice] [pid 30064] AH00163: Apache/2.4.54 (Unix) OpenSSL/1.0.2u PHP/7.4.33 mod_wsgi/3.5 Python/2.7.18 mod_fastcgi/mod_fastcgi-SNAP-0910052141 mod_perl/2.0.11 Perl/v5.30.1 configured -- resuming normal operations
[Thu Jun 13 11:11:47.447022 2024] [core:notice] [pid 30064] AH00094: Command line: '/Applications/MAMP/Library/bin/httpd'
[Thu Jun 13 17:55:40.442269 2024] [mpm_prefork:notice] [pid 30064] AH00169: caught SIGTERM, shutting down
[Thu Jun 20 12:50:24.807131 2024] [:notice] [pid 62204] FastCGI: process manager initialized (pid 62204)
[Thu Jun 20 12:50:24.808699 2024] [mpm_prefork:notice] [pid 62200] AH00163: Apache/2.4.54 (Unix) OpenSSL/1.0.2u PHP/7.4.33 mod_wsgi/3.5 Python/2.7.18 mod_fastcgi/mod_fastcgi-SNAP-0910052141 mod_perl/2.0.11 Perl/v5.30.1 configured -- resuming normal operations
[Thu Jun 20 12:50:24.808956 2024] [core:notice] [pid 62200] AH00094: Command line: '/Applications/MAMP/Library/bin/httpd'
[Thu Jun 20 14:47:13.597057 2024] [mpm_prefork:notice] [pid 62200] AH00169: caught SIGTERM, shutting down
[Mon Jun 24 19:25:39.426713 2024] [:notice] [pid 78655] FastCGI: process manager initialized (pid 78655)
[Mon Jun 24 19:25:39.427860 2024] [mpm_prefork:notice] [pid 78651] AH00163: Apache/2.4.54 (Unix) OpenSSL/1.0.2u PHP/7.4.33 mod_wsgi/3.5 Python/2.7.18 mod_fastcgi/mod_fastcgi-SNAP-0910052141 mod_perl/2.0.11 Perl/v5.30.1 configured -- resuming normal operations
[Mon Jun 24 19:25:39.428061 2024] [core:notice] [pid 78651] AH00094: Command line: '/Applications/MAMP/Library/bin/httpd'
