2024-05-23T14:29:13.6NZ mysqld_safe Logging to '/Applications/MAMP/logs/mysql_error.log'.
2024-05-23T14:29:13.6NZ mysqld_safe Starting mysqld daemon with databases from /Applications/MAMP/db/mysql57
2024-05-23T14:29:14.111363Z 0 [Warning] TIMESTAMP with implicit DEFAULT value is deprecated. Please use --explicit_defaults_for_timestamp server option (see documentation for more details).
2024-05-23T14:29:14.111945Z 0 [Note] --secure-file-priv is set to NULL. Operations related to importing and exporting data are disabled
2024-05-23T14:29:14.112482Z 0 [Note] /Applications/MAMP/Library/bin/mysqld (mysqld 5.7.39) starting as process 79288 ...
2024-05-23T14:29:14.118671Z 0 [Warning] Setting lower_case_table_names=2 because file system for /Applications/MAMP/db/mysql57/ is case insensitive
2024-05-23T14:29:14.122371Z 0 [Note] InnoDB: Mutexes and rw_locks use GCC atomic builtins
2024-05-23T14:29:14.122380Z 0 [Note] InnoDB: Uses event mutexes
2024-05-23T14:29:14.122384Z 0 [Note] InnoDB: GCC builtin __atomic_thread_fence() is used for memory barrier
2024-05-23T14:29:14.122388Z 0 [Note] InnoDB: Compressed tables use zlib 1.2.11
2024-05-23T14:29:14.123490Z 0 [Note] InnoDB: Number of pools: 1
2024-05-23T14:29:14.124920Z 0 [Note] InnoDB: Not using CPU crc32 instructions
2024-05-23T14:29:14.125537Z 0 [Note] InnoDB: Initializing buffer pool, total size = 128M, instances = 1, chunk size = 128M
2024-05-23T14:29:14.128954Z 0 [Note] InnoDB: Completed initialization of buffer pool
2024-05-23T14:29:14.145813Z 0 [Note] InnoDB: Highest supported file format is Barracuda.
2024-05-23T14:29:14.166369Z 0 [Note] InnoDB: Creating shared tablespace for temporary tables
2024-05-23T14:29:14.166447Z 0 [Note] InnoDB: Setting file './ibtmp1' size to 12 MB. Physically writing the file full; Please wait ...
2024-05-23T14:29:14.170641Z 0 [Note] InnoDB: File './ibtmp1' size is now 12 MB.
2024-05-23T14:29:14.170955Z 0 [Note] InnoDB: 96 redo rollback segment(s) found. 96 redo rollback segment(s) are active.
2024-05-23T14:29:14.170961Z 0 [Note] InnoDB: 32 non-redo rollback segment(s) are active.
2024-05-23T14:29:14.171093Z 0 [Note] InnoDB: Waiting for purge to start
2024-05-23T14:29:14.226157Z 0 [Note] InnoDB: 5.7.39 started; log sequence number 2870358
2024-05-23T14:29:14.226404Z 0 [Note] InnoDB: Loading buffer pool(s) from /Applications/MAMP/db/mysql57/ib_buffer_pool
2024-05-23T14:29:14.226983Z 0 [Note] Plugin 'FEDERATED' is disabled.
2024-05-23T14:29:14.234101Z 0 [Warning] InnoDB: Table mysql/innodb_table_stats has length mismatch in the column name table_name.  Please run mysql_upgrade
2024-05-23T14:29:14.234122Z 0 [Warning] InnoDB: Table mysql/innodb_index_stats has length mismatch in the column name table_name.  Please run mysql_upgrade
2024-05-23T14:29:14.235111Z 0 [Note] InnoDB: Buffer pool(s) load completed at 240523 10:29:14
2024-05-23T14:29:14.249544Z 0 [Note] Found ca.pem, server-cert.pem and server-key.pem in data directory. Trying to enable SSL support using them.
2024-05-23T14:29:14.249558Z 0 [Note] Skipping generation of SSL certificates as certificate files are present in data directory.
2024-05-23T14:29:14.249564Z 0 [Warning] A deprecated TLS version TLSv1 is enabled. Please use TLSv1.2 or higher.
2024-05-23T14:29:14.249567Z 0 [Warning] A deprecated TLS version TLSv1.1 is enabled. Please use TLSv1.2 or higher.
2024-05-23T14:29:14.252761Z 0 [Warning] CA certificate ca.pem is self signed.
2024-05-23T14:29:14.254639Z 0 [Note] Skipping generation of RSA key pair as key files are present in data directory.
2024-05-23T14:29:14.255206Z 0 [Note] Server hostname (bind-address): '*'; port: 8889
2024-05-23T14:29:14.255377Z 0 [Note] IPv6 is available.
2024-05-23T14:29:14.255386Z 0 [Note]   - '::' resolves to '::';
2024-05-23T14:29:14.255404Z 0 [Note] Server socket created on IP: '::'.
2024-05-23T14:29:14.255995Z 0 [Warning] Insecure configuration for --pid-file: Location '/Applications/MAMP/tmp' in the path is accessible to all OS users. Consider choosing a different directory.
2024-05-23T14:29:14.272581Z 0 [Warning] Optional native table 'performance_schema'.'processlist' has the wrong structure or is missing.
2024-05-23T14:29:14.273318Z 0 [Note] Event Scheduler: Loaded 0 events
2024-05-23T14:29:14.273375Z 0 [Note] /Applications/MAMP/Library/bin/mysqld: ready for connections.
Version: '5.7.39'  socket: '/Applications/MAMP/tmp/mysql/mysql.sock'  port: 8889  MySQL Community Server (GPL)
2024-05-23T14:34:54.753612Z 23 [Warning] InnoDB: Table mysql/innodb_table_stats has length mismatch in the column name table_name.  Please run mysql_upgrade
2024-05-23T14:34:54.753840Z 23 [Warning] InnoDB: Table mysql/innodb_index_stats has length mismatch in the column name table_name.  Please run mysql_upgrade
2024-05-23T14:34:54.757742Z 23 [Warning] InnoDB: Table mysql/innodb_table_stats has length mismatch in the column name table_name.  Please run mysql_upgrade
2024-05-23T14:34:54.757785Z 23 [Warning] InnoDB: Table mysql/innodb_index_stats has length mismatch in the column name table_name.  Please run mysql_upgrade
2024-05-23T15:04:36.668185Z 50 [Warning] InnoDB: Table mysql/innodb_table_stats has length mismatch in the column name table_name.  Please run mysql_upgrade
2024-05-23T15:04:36.668521Z 50 [Warning] InnoDB: Table mysql/innodb_index_stats has length mismatch in the column name table_name.  Please run mysql_upgrade
2024-05-23T15:33:25.783804Z 0 [Note] InnoDB: page_cleaner: 1000ms intended loop took 816553ms. The settings might not be optimal. (flushed=0 and evicted=0, during the time.)
2024-05-23T16:47:12.196347Z 0 [Note] InnoDB: page_cleaner: 1000ms intended loop took 250643ms. The settings might not be optimal. (flushed=0 and evicted=0, during the time.)
2024-05-23T17:13:00.852177Z 0 [Note] InnoDB: page_cleaner: 1000ms intended loop took 98698ms. The settings might not be optimal. (flushed=0 and evicted=0, during the time.)
2024-05-23T17:29:53.589223Z 0 [Note] InnoDB: page_cleaner: 1000ms intended loop took 997626ms. The settings might not be optimal. (flushed=0 and evicted=0, during the time.)
2024-05-23T17:45:52.146512Z 0 [Note] InnoDB: page_cleaner: 1000ms intended loop took 954518ms. The settings might not be optimal. (flushed=0 and evicted=0, during the time.)
2024-05-23T18:53:46.264085Z 0 [Note] InnoDB: page_cleaner: 1000ms intended loop took 926743ms. The settings might not be optimal. (flushed=0 and evicted=0, during the time.)
2024-05-23T19:08:56.543306Z 0 [Note] InnoDB: page_cleaner: 1000ms intended loop took 906246ms. The settings might not be optimal. (flushed=0 and evicted=0, during the time.)
2024-05-23T20:04:28.784735Z 0 [Note] InnoDB: page_cleaner: 1000ms intended loop took 928918ms. The settings might not be optimal. (flushed=0 and evicted=0, during the time.)
2024-05-23T20:15:20.126138Z 0 [Note] InnoDB: page_cleaner: 1000ms intended loop took 646299ms. The settings might not be optimal. (flushed=0 and evicted=0, during the time.)
2024-05-23T20:24:42.649322Z 0 [Note] InnoDB: page_cleaner: 1000ms intended loop took 552465ms. The settings might not be optimal. (flushed=0 and evicted=0, during the time.)
2024-05-23T20:30:34.580897Z 0 [Note] InnoDB: page_cleaner: 1000ms intended loop took 337843ms. The settings might not be optimal. (flushed=0 and evicted=0, during the time.)
2024-05-23T21:25:12.244754Z 0 [Note] InnoDB: page_cleaner: 1000ms intended loop took 55571ms. The settings might not be optimal. (flushed=0 and evicted=0, during the time.)
2024-05-23T21:28:01.079864Z 188 [Note] Access denied for user 'root'@'localhost' (using password: NO)
2024-05-23T21:28:43.915777Z 0 [Warning] InnoDB: Table mysql/innodb_table_stats has length mismatch in the column name table_name.  Please run mysql_upgrade
2024-05-23T21:28:43.915945Z 0 [Warning] InnoDB: Table mysql/innodb_index_stats has length mismatch in the column name table_name.  Please run mysql_upgrade
2024-05-23T21:28:43.916205Z 0 [Warning] InnoDB: Table mysql/innodb_table_stats has length mismatch in the column name table_name.  Please run mysql_upgrade
2024-05-23T21:28:43.916215Z 0 [Warning] InnoDB: Table mysql/innodb_index_stats has length mismatch in the column name table_name.  Please run mysql_upgrade
2024-05-23T21:28:43.916672Z 0 [Warning] InnoDB: Table mysql/innodb_table_stats has length mismatch in the column name table_name.  Please run mysql_upgrade
2024-05-23T21:28:43.916689Z 0 [Warning] InnoDB: Table mysql/innodb_index_stats has length mismatch in the column name table_name.  Please run mysql_upgrade
2024-05-23T21:28:43.916744Z 0 [Warning] InnoDB: Table mysql/innodb_table_stats has length mismatch in the column name table_name.  Please run mysql_upgrade
2024-05-23T21:28:43.916749Z 0 [Warning] InnoDB: Table mysql/innodb_index_stats has length mismatch in the column name table_name.  Please run mysql_upgrade
2024-05-23T21:28:43.916764Z 0 [Warning] InnoDB: Table mysql/innodb_table_stats has length mismatch in the column name table_name.  Please run mysql_upgrade
2024-05-23T21:28:43.916768Z 0 [Warning] InnoDB: Table mysql/innodb_index_stats has length mismatch in the column name table_name.  Please run mysql_upgrade
2024-05-23T21:28:43.916781Z 0 [Warning] InnoDB: Table mysql/innodb_table_stats has length mismatch in the column name table_name.  Please run mysql_upgrade
2024-05-23T21:28:43.916784Z 0 [Warning] InnoDB: Table mysql/innodb_index_stats has length mismatch in the column name table_name.  Please run mysql_upgrade
2024-05-23T21:28:43.916797Z 0 [Warning] InnoDB: Table mysql/innodb_table_stats has length mismatch in the column name table_name.  Please run mysql_upgrade
2024-05-23T21:28:43.916800Z 0 [Warning] InnoDB: Table mysql/innodb_index_stats has length mismatch in the column name table_name.  Please run mysql_upgrade
2024-05-23T21:28:43.916811Z 0 [Warning] InnoDB: Table mysql/innodb_table_stats has length mismatch in the column name table_name.  Please run mysql_upgrade
2024-05-23T21:28:43.916814Z 0 [Warning] InnoDB: Table mysql/innodb_index_stats has length mismatch in the column name table_name.  Please run mysql_upgrade
2024-05-23T21:39:22.068523Z 0 [Warning] InnoDB: Table mysql/innodb_table_stats has length mismatch in the column name table_name.  Please run mysql_upgrade
2024-05-23T21:39:22.069557Z 0 [Warning] InnoDB: Table mysql/innodb_index_stats has length mismatch in the column name table_name.  Please run mysql_upgrade
2024-05-23T21:39:22.069586Z 0 [Warning] InnoDB: Table mysql/innodb_table_stats has length mismatch in the column name table_name.  Please run mysql_upgrade
2024-05-23T21:39:22.069592Z 0 [Warning] InnoDB: Table mysql/innodb_index_stats has length mismatch in the column name table_name.  Please run mysql_upgrade
2024-05-23T21:39:22.069757Z 0 [Warning] InnoDB: Table mysql/innodb_table_stats has length mismatch in the column name table_name.  Please run mysql_upgrade
2024-05-23T21:39:22.069763Z 0 [Warning] InnoDB: Table mysql/innodb_index_stats has length mismatch in the column name table_name.  Please run mysql_upgrade
2024-05-23T21:39:22.069796Z 0 [Warning] InnoDB: Table mysql/innodb_table_stats has length mismatch in the column name table_name.  Please run mysql_upgrade
2024-05-23T21:39:22.069801Z 0 [Warning] InnoDB: Table mysql/innodb_index_stats has length mismatch in the column name table_name.  Please run mysql_upgrade
2024-05-23T21:39:22.069816Z 0 [Warning] InnoDB: Table mysql/innodb_table_stats has length mismatch in the column name table_name.  Please run mysql_upgrade
2024-05-23T21:39:22.069821Z 0 [Warning] InnoDB: Table mysql/innodb_index_stats has length mismatch in the column name table_name.  Please run mysql_upgrade
2024-05-23T21:39:22.069834Z 0 [Warning] InnoDB: Table mysql/innodb_table_stats has length mismatch in the column name table_name.  Please run mysql_upgrade
2024-05-23T21:39:22.069839Z 0 [Warning] InnoDB: Table mysql/innodb_index_stats has length mismatch in the column name table_name.  Please run mysql_upgrade
2024-05-23T21:39:22.069852Z 0 [Warning] InnoDB: Table mysql/innodb_table_stats has length mismatch in the column name table_name.  Please run mysql_upgrade
2024-05-23T21:39:22.069856Z 0 [Warning] InnoDB: Table mysql/innodb_index_stats has length mismatch in the column name table_name.  Please run mysql_upgrade
2024-05-23T21:39:22.069868Z 0 [Warning] InnoDB: Table mysql/innodb_table_stats has length mismatch in the column name table_name.  Please run mysql_upgrade
2024-05-23T21:39:22.069880Z 0 [Warning] InnoDB: Table mysql/innodb_index_stats has length mismatch in the column name table_name.  Please run mysql_upgrade
